<?xml version="1.0" encoding="UTF-8"?>
<!-- Generated by org.testng.reporters.JUnitXMLReporter -->
<testsuite ignored="1" hostname="DESKTOP-L3UIPK8" failures="0" tests="1" name="Default test" time="67.175" errors="0" timestamp="2020-03-26T03:03:16 IST">
  <testcase classname="org.amazonexample.testcases.TestCaseSample" name="test" time="0.014"/>
  <testcase classname="org.amazonexample.testcases.TestCaseSample" name="CartValidation" time="0.0">
    <ignored/>
  </testcase> <!-- CartValidation -->
</testsuite> <!-- Default test -->
