<?xml version="1.0" encoding="UTF-8"?>
<testng-results ignored="1" total="2" passed="1" failed="0" skipped="0">
  <reporter-output>
  </reporter-output>
  <suite started-at="2020-03-26T03:02:09 IST" name="Default suite" finished-at="2020-03-26T03:03:16 IST" duration-ms="67175">
    <groups>
    </groups>
    <test started-at="2020-03-26T03:02:09 IST" name="Default test" finished-at="2020-03-26T03:03:16 IST" duration-ms="67175">
      <class name="org.amazonexample.testcases.TestCaseSample">
        <test-method is-config="true" signature="init()[pri:0, instance:org.amazonexample.testcases.TestCaseSample@4a22f9e2]" started-at="2020-03-26T03:02:09 IST" name="init" finished-at="2020-03-26T03:02:42 IST" duration-ms="33194" status="PASS">
          <reporter-output>
          </reporter-output>
        </test-method> <!-- init -->
        <test-method is-config="true" signature="launchAndNavigate()[pri:0, instance:org.amazonexample.testcases.TestCaseSample@4a22f9e2]" started-at="2020-03-26T03:02:42 IST" name="launchAndNavigate" finished-at="2020-03-26T03:03:13 IST" duration-ms="31623" status="PASS">
          <reporter-output>
          </reporter-output>
        </test-method> <!-- launchAndNavigate -->
        <test-method signature="test()[pri:0, instance:org.amazonexample.testcases.TestCaseSample@4a22f9e2]" started-at="2020-03-26T03:03:13 IST" name="test" finished-at="2020-03-26T03:03:13 IST" duration-ms="14" status="PASS">
          <reporter-output>
          </reporter-output>
        </test-method> <!-- test -->
        <test-method is-config="true" signature="closeApp()[pri:0, instance:org.amazonexample.testcases.TestCaseSample@4a22f9e2]" started-at="2020-03-26T03:03:13 IST" name="closeApp" finished-at="2020-03-26T03:03:15 IST" duration-ms="1517" status="PASS">
          <reporter-output>
          </reporter-output>
        </test-method> <!-- closeApp -->
        <test-method is-config="true" signature="tearDown()[pri:0, instance:org.amazonexample.testcases.TestCaseSample@4a22f9e2]" started-at="2020-03-26T03:03:15 IST" name="tearDown" finished-at="2020-03-26T03:03:16 IST" duration-ms="773" status="PASS">
          <reporter-output>
          </reporter-output>
        </test-method> <!-- tearDown -->
      </class> <!-- org.amazonexample.testcases.TestCaseSample -->
    </test> <!-- Default test -->
  </suite> <!-- Default suite -->
</testng-results>
